<?xml version="1.0" encoding="UTF-8"?>
<testsuite name="it.twt.TextBoxTests" tests="1" skipped="0" failures="0" errors="0" timestamp="2022-01-17T20:56:58" hostname="MacBook-Pro-di-MacBook.local" time="15.34">
  <properties/>
  <testcase name="fillFormTest()" classname="it.twt.TextBoxTests" time="15.34"/>
  <system-out><![CDATA[]]></system-out>
  <system-err><![CDATA[[Test worker] INFO com.codeborne.selenide.impl.WebDriverThreadLocalContainer - No webdriver is bound to current thread: 15 - let's create a new webdriver
[Test worker] INFO com.codeborne.selenide.impl.FileHelper - Creating folder: /Users/macbook/Desktop/Gradle/build/downloads/1642453019003_31585_15
[Test worker] INFO io.github.bonigarcia.wdm.WebDriverManager - Using chromedriver 97.0.4692.71 (resolved driver for Chrome 97)
[Test worker] INFO io.github.bonigarcia.wdm.WebDriverManager - Exporting webdriver.chrome.driver as /Users/macbook/.cache/selenium/chromedriver/mac64/97.0.4692.71/chromedriver
Starting ChromeDriver 97.0.4692.71 (adefa7837d02a07a604c1e6eff0b3a09422ab88d-refs/branch-heads/4692@{#1247}) on port 62351
Only local connections are allowed.
Please see https://chromedriver.chromium.org/security-considerations for suggestions on keeping ChromeDriver safe.
ChromeDriver was started successfully.
Jan 17, 2022 9:57:01 PM org.openqa.selenium.remote.ProtocolHandshake createSession
INFO: Detected dialect: W3C
Jan 17, 2022 9:57:01 PM org.openqa.selenium.devtools.CdpVersionFinder findNearestMatch
WARNING: Unable to find an exact match for CDP version 97, so returning the closest version found: 96
Jan 17, 2022 9:57:01 PM org.openqa.selenium.devtools.CdpVersionFinder findNearestMatch
INFO: Found CDP implementation for version 97 of 96
[Test worker] INFO com.codeborne.selenide.webdriver.HttpClientTimeouts - Changed connectTimeout from PT10S to PT10S
[Test worker] INFO com.codeborne.selenide.webdriver.HttpClientTimeouts - Changed readTimeout from PT3M to PT3M
[Test worker] INFO com.codeborne.selenide.webdriver.BrowserResizer - Set browser size to 2048x1024
[Test worker] INFO com.codeborne.selenide.webdriver.WebDriverFactory - BrowserName=chrome Version=97.0.4692.71 Platform=MAC
[Test worker] INFO com.codeborne.selenide.webdriver.WebDriverFactory - Selenide v. 6.1.2
[Test worker] INFO com.codeborne.selenide.webdriver.WebDriverFactory - Selenium WebDriver v. 4.1.1 build revision: e8fcc2cecf
[Test worker] INFO com.codeborne.selenide.drivercommands.CreateDriverCommand - Created webdriver in thread 15: ChromeDriver -> ChromeDriver: chrome on MAC (5ee30439d3b9e8973756c7a5aabf0585)
]]></system-err>
</testsuite>
